2013-09-17 22:54:26,401  WARN [ModalContext] - ImplicitHighlightingPresenter - Timeout while waiting for `askLoadedTyped` during implicit highlighting.
2013-09-23 22:46:25,703 ERROR [main] - org.scala-ide.sdt.core - org.scala-ide.sdt.core - org.scala-ide.sdt.core - 0 - scala.reflect.internal.MissingRequirementError: object scala.beans.BeanInfo in compiler mirror not found.
2013-09-23 23:49:53,745 ERROR [main] - org.scala-ide.sdt.core - org.scala-ide.sdt.core - org.scala-ide.sdt.core - 0 - Error during instrumentation of ScriptCompilationUnit(L/LearningSlick/src/main/scala/ConnectionWorksheet.sc)
org.scalaide.worksheet.runtime.MissingTopLevelObjectDeclaration: Couldn't find top level object declaration in source ConnectionWorksheet.sc
	at org.scalaide.worksheet.runtime.SourceInstrumenter.instrumentProgram(SourceInstrumenter.scala:33)
	at org.scalaide.worksheet.runtime.SourceInstrumenter.instrument(SourceInstrumenter.scala:20)
	at org.scalaide.worksheet.runtime.WorksheetRunner$$anonfun$act$1$$anonfun$apply$1.applyOrElse(WorksheetRunner.scala:59)
	at scala.runtime.AbstractPartialFunction$mcVL$sp.apply$mcVL$sp(AbstractPartialFunction.scala:33)
	at scala.runtime.AbstractPartialFunction$mcVL$sp.apply(AbstractPartialFunction.scala:33)
	at scala.runtime.AbstractPartialFunction$mcVL$sp.apply(AbstractPartialFunction.scala:25)
	at scala.actors.ReactorTask.run(ReactorTask.scala:31)
	at scala.actors.Reactor$class.resumeReceiver(Reactor.scala:129)
	at org.scalaide.worksheet.runtime.WorksheetRunner.scala$actors$InternalReplyReactor$$super$resumeReceiver(WorksheetRunner.scala:33)
	at scala.actors.InternalReplyReactor$class.resumeReceiver(InternalReplyReactor.scala:59)
	at org.scalaide.worksheet.runtime.WorksheetRunner.resumeReceiver(WorksheetRunner.scala:33)
	at scala.actors.InternalActor$class.searchMailbox(InternalActor.scala:76)
	at org.scalaide.worksheet.runtime.WorksheetRunner.searchMailbox(WorksheetRunner.scala:33)
	at scala.actors.Reactor$$anonfun$startSearch$1$$anonfun$apply$mcV$sp$1.apply$mcV$sp(Reactor.scala:117)
	at scala.actors.Reactor$$anonfun$startSearch$1$$anonfun$apply$mcV$sp$1.apply(Reactor.scala:114)
	at scala.actors.Reactor$$anonfun$startSearch$1$$anonfun$apply$mcV$sp$1.apply(Reactor.scala:114)
	at scala.actors.ReactorTask.run(ReactorTask.scala:33)
	at scala.actors.ReactorTask.compute(ReactorTask.scala:63)
	at scala.concurrent.forkjoin.RecursiveAction.exec(RecursiveAction.java:160)
	at scala.concurrent.forkjoin.ForkJoinTask.doExec(ForkJoinTask.java:260)
	at scala.concurrent.forkjoin.ForkJoinPool$WorkQueue.runTask(ForkJoinPool.java:1339)
	at scala.concurrent.forkjoin.ForkJoinPool.runWorker(ForkJoinPool.java:1979)
	at scala.concurrent.forkjoin.ForkJoinWorkerThread.run(ForkJoinWorkerThread.java:107)
2013-09-24 21:56:01,864  WARN [org.eclipse.jdt.internal.ui.text.JavaReconciler] - ImplicitHighlightingPresenter - Timeout while waiting for `askLoadedTyped` during implicit highlighting.
2013-09-26 22:35:18,158  WARN [ModalContext] - ImplicitHighlightingPresenter - Timeout while waiting for `askLoadedTyped` during implicit highlighting.
2013-09-26 22:35:41,006  WARN [ModalContext] - ImplicitHighlightingPresenter - Timeout while waiting for `askLoadedTyped` during implicit highlighting.
2013-09-26 22:35:57,345  WARN [ModalContext] - ImplicitHighlightingPresenter - Timeout while waiting for `askLoadedTyped` during implicit highlighting.
2013-09-26 22:36:18,857 ERROR [main] - org.scala-ide.sdt.core - org.scala-ide.sdt.core - org.scala-ide.sdt.core - 0 - java.util.ConcurrentModificationException
2013-09-26 22:44:36,120  WARN [ModalContext] - ImplicitHighlightingPresenter - Timeout while waiting for `askLoadedTyped` during implicit highlighting.
2013-09-28 22:48:12,094  WARN [Worker-10] - ImplicitHighlightingPresenter - Timeout while waiting for `askLoadedTyped` during implicit highlighting.
2013-09-28 22:48:12,621  WARN [Worker-10] - ImplicitHighlightingPresenter - Timeout while waiting for `askLoadedTyped` during implicit highlighting.
2013-09-30 19:52:44,160 ERROR [ForkJoinPool-1-worker-23] - System.err - IncrementalDocumentMixer <actor>: caught java.lang.OutOfMemoryError: Java heap space
2013-09-30 19:52:44,194 ERROR [ForkJoinPool-1-worker-23] - System.err - java.lang.OutOfMemoryError: Java heap space
2013-09-30 19:52:44,195 ERROR [ForkJoinPool-1-worker-23] - System.err - at java.util.Arrays.copyOfRange(Arrays.java:3209)
2013-09-30 19:52:44,195 ERROR [ForkJoinPool-1-worker-23] - System.err - at java.lang.String.<init>(String.java:215)
2013-09-30 19:52:44,195 ERROR [ForkJoinPool-1-worker-23] - System.err - at java.lang.StringBuilder.toString(StringBuilder.java:430)
2013-09-30 19:52:44,195 ERROR [ForkJoinPool-1-worker-23] - System.err - at scala.collection.mutable.StringBuilder.toString(StringBuilder.scala:427)
2013-09-30 19:52:44,195 ERROR [ForkJoinPool-1-worker-23] - System.err - at scala.collection.TraversableOnce$class.mkString(TraversableOnce.scala:286)
2013-09-30 19:52:44,195 ERROR [ForkJoinPool-1-worker-23] - System.err - at scala.collection.AbstractTraversable.mkString(Traversable.scala:105)
2013-09-30 19:52:44,195 ERROR [ForkJoinPool-1-worker-23] - System.err - at scala.collection.TraversableOnce$class.mkString(TraversableOnce.scala:288)
2013-09-30 19:52:44,195 ERROR [ForkJoinPool-1-worker-23] - System.err - at scala.collection.AbstractTraversable.mkString(Traversable.scala:105)
2013-09-30 19:52:44,195 ERROR [ForkJoinPool-1-worker-23] - System.err - at scala.collection.generic.TraversableForwarder$class.mkString(TraversableForwarder.scala:71)
2013-09-30 19:52:44,195 ERROR [ForkJoinPool-1-worker-23] - System.err - at scala.collection.mutable.ListBuffer.mkString(ListBuffer.scala:45)
2013-09-30 19:52:44,195 ERROR [ForkJoinPool-1-worker-23] - System.err - at org.scalaide.worksheet.runtime.IncrementalDocumentMixer$$anonfun$2.apply(IncrementalDocumentMixer.scala:101)
2013-09-30 19:52:44,195 ERROR [ForkJoinPool-1-worker-23] - System.err - at org.scalaide.worksheet.runtime.IncrementalDocumentMixer$$anonfun$2.apply(IncrementalDocumentMixer.scala:100)
2013-09-30 19:52:44,195 ERROR [ForkJoinPool-1-worker-23] - System.err - at scala.collection.TraversableLike$WithFilter$$anonfun$map$2.apply(TraversableLike.scala:722)
2013-09-30 19:52:44,195 ERROR [ForkJoinPool-1-worker-23] - System.err - at scala.collection.mutable.LinkedHashMap.foreach(LinkedHashMap.scala:135)
2013-09-30 19:52:44,195 ERROR [ForkJoinPool-1-worker-23] - System.err - at scala.collection.TraversableLike$WithFilter.map(TraversableLike.scala:721)
2013-09-30 19:52:44,195 ERROR [ForkJoinPool-1-worker-23] - System.err - at org.scalaide.worksheet.runtime.IncrementalDocumentMixer.pruneOutputPerEvaluation(IncrementalDocumentMixer.scala:100)
2013-09-30 19:52:44,195 ERROR [ForkJoinPool-1-worker-23] - System.err - at org.scalaide.worksheet.runtime.IncrementalDocumentMixer.org$scalaide$worksheet$runtime$IncrementalDocumentMixer$$updateDocument(IncrementalDocumentMixer.scala:50)
2013-09-30 19:52:44,195 ERROR [ForkJoinPool-1-worker-23] - System.err - at org.scalaide.worksheet.runtime.IncrementalDocumentMixer$$anonfun$act$1$$anonfun$apply$1.applyOrElse(IncrementalDocumentMixer.scala:39)
2013-09-30 19:52:44,195 ERROR [ForkJoinPool-1-worker-23] - System.err - at scala.runtime.AbstractPartialFunction$mcVL$sp.apply$mcVL$sp(AbstractPartialFunction.scala:33)
2013-09-30 19:52:44,195 ERROR [ForkJoinPool-1-worker-23] - System.err - at scala.runtime.AbstractPartialFunction$mcVL$sp.apply(AbstractPartialFunction.scala:33)
2013-09-30 19:52:44,195 ERROR [ForkJoinPool-1-worker-23] - System.err - at scala.runtime.AbstractPartialFunction$mcVL$sp.apply(AbstractPartialFunction.scala:25)
2013-09-30 19:52:44,195 ERROR [ForkJoinPool-1-worker-23] - System.err - at scala.actors.ReactorTask.run(ReactorTask.scala:31)
2013-09-30 19:52:44,195 ERROR [ForkJoinPool-1-worker-23] - System.err - at scala.actors.Reactor$class.resumeReceiver(Reactor.scala:129)
2013-09-30 19:52:44,196 ERROR [ForkJoinPool-1-worker-23] - System.err - at org.scalaide.worksheet.runtime.IncrementalDocumentMixer.scala$actors$InternalReplyReactor$$super$resumeReceiver(IncrementalDocumentMixer.scala:27)
2013-09-30 19:52:44,196 ERROR [ForkJoinPool-1-worker-23] - System.err - at scala.actors.InternalReplyReactor$class.resumeReceiver(InternalReplyReactor.scala:59)
2013-09-30 19:52:44,196 ERROR [ForkJoinPool-1-worker-23] - System.err - at org.scalaide.worksheet.runtime.IncrementalDocumentMixer.resumeReceiver(IncrementalDocumentMixer.scala:27)
2013-09-30 19:52:44,196 ERROR [ForkJoinPool-1-worker-23] - System.err - at scala.actors.InternalActor$class.searchMailbox(InternalActor.scala:76)
2013-09-30 19:52:44,196 ERROR [ForkJoinPool-1-worker-23] - System.err - at org.scalaide.worksheet.runtime.IncrementalDocumentMixer.searchMailbox(IncrementalDocumentMixer.scala:27)
2013-09-30 19:52:44,196 ERROR [ForkJoinPool-1-worker-23] - System.err - at scala.actors.Reactor$$anonfun$startSearch$1$$anonfun$apply$mcV$sp$1.apply$mcV$sp(Reactor.scala:117)
2013-09-30 19:52:44,196 ERROR [ForkJoinPool-1-worker-23] - System.err - at scala.actors.Reactor$$anonfun$startSearch$1$$anonfun$apply$mcV$sp$1.apply(Reactor.scala:114)
2013-09-30 19:52:44,196 ERROR [ForkJoinPool-1-worker-23] - System.err - at scala.actors.Reactor$$anonfun$startSearch$1$$anonfun$apply$mcV$sp$1.apply(Reactor.scala:114)
2013-09-30 19:52:44,196 ERROR [ForkJoinPool-1-worker-23] - System.err - at scala.actors.ReactorTask.run(ReactorTask.scala:33)
2013-09-30 23:22:16,495  WARN [main] - org.scala-ide.sdt.core - org.scala-ide.sdt.core - org.scala-ide.sdt.core - 0 - ProgramExecutor actor </Users/dmcquill/dev/Scala/LearningSlick/src/main/scala/TestDb.sc> self-healing...
java.lang.NullPointerException
	at org.scalaide.worksheet.editor.ScriptEditor$DefaultEditorProxy.org$scalaide$worksheet$editor$ScriptEditor$DefaultEditorProxy$$doc(ScriptEditor.scala:71)
	at org.scalaide.worksheet.editor.ScriptEditor$DefaultEditorProxy.getContents(ScriptEditor.scala:73)
	at org.scalaide.worksheet.runtime.IncrementalDocumentMixer.<init>(IncrementalDocumentMixer.scala:30)
	at org.scalaide.worksheet.runtime.IncrementalDocumentMixer$.apply(IncrementalDocumentMixer.scala:16)
	at org.scalaide.worksheet.runtime.ProgramExecutor$$anonfun$act$1$$anonfun$apply$1.applyOrElse(ProgramExecutor.scala:167)
	at scala.runtime.AbstractPartialFunction$mcVL$sp.apply$mcVL$sp(AbstractPartialFunction.scala:33)
	at scala.runtime.AbstractPartialFunction$mcVL$sp.apply(AbstractPartialFunction.scala:33)
	at scala.runtime.AbstractPartialFunction$mcVL$sp.apply(AbstractPartialFunction.scala:25)
	at scala.actors.ReactorTask.run(ReactorTask.scala:31)
	at scala.actors.ReactorTask.compute(ReactorTask.scala:63)
	at scala.concurrent.forkjoin.RecursiveAction.exec(RecursiveAction.java:160)
	at scala.concurrent.forkjoin.ForkJoinTask.doExec(ForkJoinTask.java:260)
	at scala.concurrent.forkjoin.ForkJoinPool$WorkQueue.pollAndExecAll(ForkJoinPool.java:1253)
	at scala.concurrent.forkjoin.ForkJoinPool$WorkQueue.runTask(ForkJoinPool.java:1346)
	at scala.concurrent.forkjoin.ForkJoinPool.runWorker(ForkJoinPool.java:1979)
	at scala.concurrent.forkjoin.ForkJoinWorkerThread.run(ForkJoinWorkerThread.java:107)
2013-09-30 23:22:16,988  WARN [main] - org.scala-ide.sdt.core - org.scala-ide.sdt.core - org.scala-ide.sdt.core - 0 - ProgramExecutor actor </Users/dmcquill/dev/Scala/LearningSlick/src/main/scala/TestDb.sc> self-healing...
java.lang.NullPointerException
	at org.scalaide.worksheet.editor.ScriptEditor$DefaultEditorProxy.org$scalaide$worksheet$editor$ScriptEditor$DefaultEditorProxy$$doc(ScriptEditor.scala:71)
	at org.scalaide.worksheet.editor.ScriptEditor$DefaultEditorProxy.getContents(ScriptEditor.scala:73)
	at org.scalaide.worksheet.runtime.IncrementalDocumentMixer.<init>(IncrementalDocumentMixer.scala:30)
	at org.scalaide.worksheet.runtime.IncrementalDocumentMixer$.apply(IncrementalDocumentMixer.scala:16)
	at org.scalaide.worksheet.runtime.ProgramExecutor$$anonfun$act$1$$anonfun$apply$1.applyOrElse(ProgramExecutor.scala:167)
	at scala.runtime.AbstractPartialFunction$mcVL$sp.apply$mcVL$sp(AbstractPartialFunction.scala:33)
	at scala.runtime.AbstractPartialFunction$mcVL$sp.apply(AbstractPartialFunction.scala:33)
	at scala.runtime.AbstractPartialFunction$mcVL$sp.apply(AbstractPartialFunction.scala:25)
	at scala.actors.ReactorTask.run(ReactorTask.scala:31)
	at scala.actors.ReactorTask.compute(ReactorTask.scala:63)
	at scala.concurrent.forkjoin.RecursiveAction.exec(RecursiveAction.java:160)
	at scala.concurrent.forkjoin.ForkJoinTask.doExec(ForkJoinTask.java:260)
	at scala.concurrent.forkjoin.ForkJoinPool$WorkQueue.runTask(ForkJoinPool.java:1339)
	at scala.concurrent.forkjoin.ForkJoinPool.runWorker(ForkJoinPool.java:1979)
	at scala.concurrent.forkjoin.ForkJoinWorkerThread.run(ForkJoinWorkerThread.java:107)
2013-09-30 23:22:17,542  WARN [main] - org.scala-ide.sdt.core - org.scala-ide.sdt.core - org.scala-ide.sdt.core - 0 - ProgramExecutor actor </Users/dmcquill/dev/Scala/LearningSlick/src/main/scala/TestDb.sc> self-healing...
java.lang.NullPointerException
	at org.scalaide.worksheet.editor.ScriptEditor$DefaultEditorProxy.org$scalaide$worksheet$editor$ScriptEditor$DefaultEditorProxy$$doc(ScriptEditor.scala:71)
	at org.scalaide.worksheet.editor.ScriptEditor$DefaultEditorProxy.getContents(ScriptEditor.scala:73)
	at org.scalaide.worksheet.runtime.IncrementalDocumentMixer.<init>(IncrementalDocumentMixer.scala:30)
	at org.scalaide.worksheet.runtime.IncrementalDocumentMixer$.apply(IncrementalDocumentMixer.scala:16)
	at org.scalaide.worksheet.runtime.ProgramExecutor$$anonfun$act$1$$anonfun$apply$1.applyOrElse(ProgramExecutor.scala:167)
	at scala.runtime.AbstractPartialFunction$mcVL$sp.apply$mcVL$sp(AbstractPartialFunction.scala:33)
	at scala.runtime.AbstractPartialFunction$mcVL$sp.apply(AbstractPartialFunction.scala:33)
	at scala.runtime.AbstractPartialFunction$mcVL$sp.apply(AbstractPartialFunction.scala:25)
	at scala.actors.ReactorTask.run(ReactorTask.scala:31)
	at scala.actors.ReactorTask.compute(ReactorTask.scala:63)
	at scala.concurrent.forkjoin.RecursiveAction.exec(RecursiveAction.java:160)
	at scala.concurrent.forkjoin.ForkJoinTask.doExec(ForkJoinTask.java:260)
	at scala.concurrent.forkjoin.ForkJoinPool$WorkQueue.pollAndExecAll(ForkJoinPool.java:1253)
	at scala.concurrent.forkjoin.ForkJoinPool$WorkQueue.runTask(ForkJoinPool.java:1346)
	at scala.concurrent.forkjoin.ForkJoinPool.runWorker(ForkJoinPool.java:1979)
	at scala.concurrent.forkjoin.ForkJoinWorkerThread.run(ForkJoinWorkerThread.java:107)
2013-09-30 23:22:18,092  WARN [main] - org.scala-ide.sdt.core - org.scala-ide.sdt.core - org.scala-ide.sdt.core - 0 - ProgramExecutor actor </Users/dmcquill/dev/Scala/LearningSlick/src/main/scala/TestDb.sc> self-healing...
java.lang.NullPointerException
	at org.scalaide.worksheet.editor.ScriptEditor$DefaultEditorProxy.org$scalaide$worksheet$editor$ScriptEditor$DefaultEditorProxy$$doc(ScriptEditor.scala:71)
	at org.scalaide.worksheet.editor.ScriptEditor$DefaultEditorProxy.getContents(ScriptEditor.scala:73)
	at org.scalaide.worksheet.runtime.IncrementalDocumentMixer.<init>(IncrementalDocumentMixer.scala:30)
	at org.scalaide.worksheet.runtime.IncrementalDocumentMixer$.apply(IncrementalDocumentMixer.scala:16)
	at org.scalaide.worksheet.runtime.ProgramExecutor$$anonfun$act$1$$anonfun$apply$1.applyOrElse(ProgramExecutor.scala:167)
	at scala.runtime.AbstractPartialFunction$mcVL$sp.apply$mcVL$sp(AbstractPartialFunction.scala:33)
	at scala.runtime.AbstractPartialFunction$mcVL$sp.apply(AbstractPartialFunction.scala:33)
	at scala.runtime.AbstractPartialFunction$mcVL$sp.apply(AbstractPartialFunction.scala:25)
	at scala.actors.ReactorTask.run(ReactorTask.scala:31)
	at scala.actors.ReactorTask.compute(ReactorTask.scala:63)
	at scala.concurrent.forkjoin.RecursiveAction.exec(RecursiveAction.java:160)
	at scala.concurrent.forkjoin.ForkJoinTask.doExec(ForkJoinTask.java:260)
	at scala.concurrent.forkjoin.ForkJoinPool$WorkQueue.pollAndExecAll(ForkJoinPool.java:1253)
	at scala.concurrent.forkjoin.ForkJoinPool$WorkQueue.runTask(ForkJoinPool.java:1346)
	at scala.concurrent.forkjoin.ForkJoinPool.runWorker(ForkJoinPool.java:1979)
	at scala.concurrent.forkjoin.ForkJoinWorkerThread.run(ForkJoinWorkerThread.java:107)
2013-09-30 23:22:18,653  WARN [main] - org.scala-ide.sdt.core - org.scala-ide.sdt.core - org.scala-ide.sdt.core - 0 - ProgramExecutor actor </Users/dmcquill/dev/Scala/LearningSlick/src/main/scala/TestDb.sc> self-healing...
java.lang.NullPointerException
	at org.scalaide.worksheet.editor.ScriptEditor$DefaultEditorProxy.org$scalaide$worksheet$editor$ScriptEditor$DefaultEditorProxy$$doc(ScriptEditor.scala:71)
	at org.scalaide.worksheet.editor.ScriptEditor$DefaultEditorProxy.getContents(ScriptEditor.scala:73)
	at org.scalaide.worksheet.runtime.IncrementalDocumentMixer.<init>(IncrementalDocumentMixer.scala:30)
	at org.scalaide.worksheet.runtime.IncrementalDocumentMixer$.apply(IncrementalDocumentMixer.scala:16)
	at org.scalaide.worksheet.runtime.ProgramExecutor$$anonfun$act$1$$anonfun$apply$1.applyOrElse(ProgramExecutor.scala:167)
	at scala.runtime.AbstractPartialFunction$mcVL$sp.apply$mcVL$sp(AbstractPartialFunction.scala:33)
	at scala.runtime.AbstractPartialFunction$mcVL$sp.apply(AbstractPartialFunction.scala:33)
	at scala.runtime.AbstractPartialFunction$mcVL$sp.apply(AbstractPartialFunction.scala:25)
	at scala.actors.ReactorTask.run(ReactorTask.scala:31)
	at scala.actors.ReactorTask.compute(ReactorTask.scala:63)
	at scala.concurrent.forkjoin.RecursiveAction.exec(RecursiveAction.java:160)
	at scala.concurrent.forkjoin.ForkJoinTask.doExec(ForkJoinTask.java:260)
	at scala.concurrent.forkjoin.ForkJoinPool$WorkQueue.pollAndExecAll(ForkJoinPool.java:1253)
	at scala.concurrent.forkjoin.ForkJoinPool$WorkQueue.runTask(ForkJoinPool.java:1346)
	at scala.concurrent.forkjoin.ForkJoinPool.runWorker(ForkJoinPool.java:1979)
	at scala.concurrent.forkjoin.ForkJoinWorkerThread.run(ForkJoinWorkerThread.java:107)
2013-09-30 23:22:19,200  WARN [main] - org.scala-ide.sdt.core - org.scala-ide.sdt.core - org.scala-ide.sdt.core - 0 - ProgramExecutor actor </Users/dmcquill/dev/Scala/LearningSlick/src/main/scala/TestDb.sc> self-healing...
java.lang.NullPointerException
	at org.scalaide.worksheet.editor.ScriptEditor$DefaultEditorProxy.org$scalaide$worksheet$editor$ScriptEditor$DefaultEditorProxy$$doc(ScriptEditor.scala:71)
	at org.scalaide.worksheet.editor.ScriptEditor$DefaultEditorProxy.getContents(ScriptEditor.scala:73)
	at org.scalaide.worksheet.runtime.IncrementalDocumentMixer.<init>(IncrementalDocumentMixer.scala:30)
	at org.scalaide.worksheet.runtime.IncrementalDocumentMixer$.apply(IncrementalDocumentMixer.scala:16)
	at org.scalaide.worksheet.runtime.ProgramExecutor$$anonfun$act$1$$anonfun$apply$1.applyOrElse(ProgramExecutor.scala:167)
	at scala.runtime.AbstractPartialFunction$mcVL$sp.apply$mcVL$sp(AbstractPartialFunction.scala:33)
	at scala.runtime.AbstractPartialFunction$mcVL$sp.apply(AbstractPartialFunction.scala:33)
	at scala.runtime.AbstractPartialFunction$mcVL$sp.apply(AbstractPartialFunction.scala:25)
	at scala.actors.ReactorTask.run(ReactorTask.scala:31)
	at scala.actors.ReactorTask.compute(ReactorTask.scala:63)
	at scala.concurrent.forkjoin.RecursiveAction.exec(RecursiveAction.java:160)
	at scala.concurrent.forkjoin.ForkJoinTask.doExec(ForkJoinTask.java:260)
	at scala.concurrent.forkjoin.ForkJoinPool$WorkQueue.pollAndExecAll(ForkJoinPool.java:1253)
	at scala.concurrent.forkjoin.ForkJoinPool$WorkQueue.runTask(ForkJoinPool.java:1346)
	at scala.concurrent.forkjoin.ForkJoinPool.runWorker(ForkJoinPool.java:1979)
	at scala.concurrent.forkjoin.ForkJoinWorkerThread.run(ForkJoinWorkerThread.java:107)
2013-09-30 23:22:19,770  WARN [main] - org.scala-ide.sdt.core - org.scala-ide.sdt.core - org.scala-ide.sdt.core - 0 - ProgramExecutor actor </Users/dmcquill/dev/Scala/LearningSlick/src/main/scala/TestDb.sc> self-healing...
java.lang.NullPointerException
	at org.scalaide.worksheet.editor.ScriptEditor$DefaultEditorProxy.org$scalaide$worksheet$editor$ScriptEditor$DefaultEditorProxy$$doc(ScriptEditor.scala:71)
	at org.scalaide.worksheet.editor.ScriptEditor$DefaultEditorProxy.getContents(ScriptEditor.scala:73)
	at org.scalaide.worksheet.runtime.IncrementalDocumentMixer.<init>(IncrementalDocumentMixer.scala:30)
	at org.scalaide.worksheet.runtime.IncrementalDocumentMixer$.apply(IncrementalDocumentMixer.scala:16)
	at org.scalaide.worksheet.runtime.ProgramExecutor$$anonfun$act$1$$anonfun$apply$1.applyOrElse(ProgramExecutor.scala:167)
	at scala.runtime.AbstractPartialFunction$mcVL$sp.apply$mcVL$sp(AbstractPartialFunction.scala:33)
	at scala.runtime.AbstractPartialFunction$mcVL$sp.apply(AbstractPartialFunction.scala:33)
	at scala.runtime.AbstractPartialFunction$mcVL$sp.apply(AbstractPartialFunction.scala:25)
	at scala.actors.ReactorTask.run(ReactorTask.scala:31)
	at scala.actors.ReactorTask.compute(ReactorTask.scala:63)
	at scala.concurrent.forkjoin.RecursiveAction.exec(RecursiveAction.java:160)
	at scala.concurrent.forkjoin.ForkJoinTask.doExec(ForkJoinTask.java:260)
	at scala.concurrent.forkjoin.ForkJoinPool$WorkQueue.pollAndExecAll(ForkJoinPool.java:1253)
	at scala.concurrent.forkjoin.ForkJoinPool$WorkQueue.runTask(ForkJoinPool.java:1346)
	at scala.concurrent.forkjoin.ForkJoinPool.runWorker(ForkJoinPool.java:1979)
	at scala.concurrent.forkjoin.ForkJoinWorkerThread.run(ForkJoinWorkerThread.java:107)
